<?xml version="1.0" encoding="UTF-8"?>
<!-- Generated by org.testng.reporters.JUnitXMLReporter -->
<testsuite hostname="LAPTOP-N0UGBEA8" failures="0" tests="2" name="Default test" time="17.144" errors="0" timestamp="2 Jun 2022 05:38:37 GMT">
  <testcase classname="frameworks.maintestclass" name="AmazonSignIn" time="0.0">
    <skipped/>
  </testcase> <!-- AmazonSignIn -->
  <testcase classname="frameworks.maintestclass" name="searchScenario" time="4.268"/>
</testsuite> <!-- Default test -->
