<?xml version="1.0" encoding="UTF-8"?>
<!-- Generated by org.testng.reporters.JUnitXMLReporter -->
<testsuite hostname="LAPTOP-N0UGBEA8" failures="0" tests="2" name="Test" time="13.134" errors="0" timestamp="4 Jun 2022 11:00:25 GMT">
  <testcase classname="frameworks.maintestclass" name="@AfterMethod closebrowser" time="0.0">
    <failure type="java.lang.NullPointerException" message="Cannot invoke &amp;quot;com.aventstack.extentreports.ExtentTest.pass(String)&amp;quot; because &amp;quot;this.log&amp;quot; is null">
      <![CDATA[java.lang.NullPointerException: Cannot invoke "com.aventstack.extentreports.ExtentTest.pass(String)" because "this.log" is null
	at utilities.baseclass.closebrowser(baseclass.java:52)
... Removed 24 stack frames]]>
    </failure>
  </testcase> <!-- @AfterMethod closebrowser -->
  <testcase classname="frameworks.maintestclass" name="AmazonSignIn" time="0.0">
    <skipped/>
  </testcase> <!-- AmazonSignIn -->
  <testcase classname="frameworks.maintestclass" name="demo" time="0.009"/>
</testsuite> <!-- Test -->
